Customer App (Mobile)/android/app/build/intermediates/manifest_merge_blame_file/arDebug/manifest-merger-blame-ar-debug-report.txt
1<?xml version="1.0" encoding="utf-8"?>
2<manifest xmlns:android="http://schemas.android.com/apk/res/android"
3    package="com.viro"
4    android:versionCode="1"
5    android:versionName="1.0" >
6
7    <uses-sdk
8        android:minSdkVersion="23"
9        android:targetSdkVersion="28" />
10
11    <uses-permission android:name="android.permission.SYSTEM_ALERT_WINDOW" />
11-->src/debug/AndroidManifest.xml:5:5-77
11-->src/debug/AndroidManifest.xml:5:22-75
12    <uses-permission android:name="android.permission.INTERNET" />
12-->src/main/AndroidManifest.xml:4:5-67
12-->src/main/AndroidManifest.xml:4:22-64
13    <uses-permission android:name="android.permission.CAMERA" />
13-->src/main/AndroidManifest.xml:5:5-65
13-->src/main/AndroidManifest.xml:5:22-62
14    <uses-permission android:name="android.permission.ACCESS_FINE_LOCATION" />
14-->src/main/AndroidManifest.xml:6:5-79
14-->src/main/AndroidManifest.xml:6:22-76
15    <uses-permission android:name="android.permission.ACCESS_COARSE_LOCATION" />
15-->src/main/AndroidManifest.xml:7:5-80
15-->src/main/AndroidManifest.xml:7:22-78
16    <uses-permission android:name="android.permission.ACCESS_LOCATION_EXTRA_COMMANDS" />
16-->src/main/AndroidManifest.xml:8:5-89
16-->src/main/AndroidManifest.xml:8:22-86
17
18    <uses-feature
18-->[:viro_renderer] AndroidManifest.xml:11:5-13:35
19        android:glEsVersion="0x00030000"
19-->[:viro_renderer] AndroidManifest.xml:12:9-41
20        android:required="true" /> <!-- Required for vibration feedback when the trigger action is performed. -->
20-->[:viro_renderer] AndroidManifest.xml:13:9-32
21    <uses-permission android:name="android.permission.VIBRATE" /> <!-- Required to read the paired viewer's distortion parameters. -->
21-->[:viro_renderer] AndroidManifest.xml:16:5-66
21-->[:viro_renderer] AndroidManifest.xml:16:22-63
22    <uses-permission android:name="android.permission.READ_EXTERNAL_STORAGE" /> <!-- Required for Recording -->
22-->[:viro_renderer] AndroidManifest.xml:18:5-80
22-->[:viro_renderer] AndroidManifest.xml:18:22-77
23    <uses-permission android:name="android.permission.RECORD_AUDIO" /> <!-- Required to detect viewer insertion. -->
23-->[:viro_renderer] AndroidManifest.xml:20:5-71
23-->[:viro_renderer] AndroidManifest.xml:20:22-68
24    <uses-permission android:name="android.permission.NFC" /> <!-- Make accelerometer and gyroscope hard requirements for good head tracking. -->
24-->[:viro_renderer] AndroidManifest.xml:23:5-62
24-->[:viro_renderer] AndroidManifest.xml:23:22-59
25    <uses-feature
25-->[:viro_renderer] AndroidManifest.xml:28:5-30:35
26        android:name="android.hardware.sensor.accelerometer"
26-->[:viro_renderer] AndroidManifest.xml:29:9-61
27        android:required="true" />
27-->[:viro_renderer] AndroidManifest.xml:30:9-32
28    <uses-feature
28-->[:viro_renderer] AndroidManifest.xml:31:5-33:35
29        android:name="android.hardware.sensor.gyroscope"
29-->[:viro_renderer] AndroidManifest.xml:32:9-57
30        android:required="true" /> <!-- Indicates use of Android's VR-mode, available only on Android N+. -->
30-->[:viro_renderer] AndroidManifest.xml:33:9-32
31    <uses-feature
31-->[:viro_renderer] AndroidManifest.xml:36:5-38:36
32        android:name="android.software.vr.mode"
32-->[:viro_renderer] AndroidManifest.xml:37:9-48
33        android:required="false" /> <!-- Indicates use of VR features that are available only on Daydream-ready devices. -->
33-->[:viro_renderer] AndroidManifest.xml:38:9-33
34    <uses-feature
34-->[:viro_renderer] AndroidManifest.xml:40:5-42:36
35        android:name="android.hardware.vr.high_performance"
35-->[:viro_renderer] AndroidManifest.xml:41:9-60
36        android:required="false" /> <!-- Include required permissions for Google Maps API to run. -->
36-->[:viro_renderer] AndroidManifest.xml:42:9-33
37    <uses-permission android:name="android.permission.ACCESS_NETWORK_STATE" />
37-->[com.google.android.gms:play-services-maps:17.0.0] AndroidManifest.xml:23:5-79
37-->[com.google.android.gms:play-services-maps:17.0.0] AndroidManifest.xml:23:22-76
38
39    <application
39-->src/main/AndroidManifest.xml:10:5-35:19
40        android:name="com.viro.MainApplication"
40-->src/main/AndroidManifest.xml:11:7-38
41        android:allowBackup="false"
41-->src/main/AndroidManifest.xml:15:7-34
42        android:appComponentFactory="androidx.core.app.CoreComponentFactory"
42-->[androidx.core:core:1.0.0] AndroidManifest.xml:22:18-86
43        android:debuggable="true"
44        android:icon="@mipmap/ic_launcher"
44-->src/main/AndroidManifest.xml:13:7-41
45        android:label="@string/app_name"
45-->src/main/AndroidManifest.xml:12:7-39
46        android:roundIcon="@mipmap/ic_launcher_round"
46-->src/main/AndroidManifest.xml:14:7-52
47        android:supportsRtl="true"
47-->[:react_viro] AndroidManifest.xml:13:9-35
48        android:testOnly="true"
49        android:theme="@style/AppTheme"
49-->src/main/AndroidManifest.xml:17:7-38
50        android:usesCleartextTraffic="true" >
50-->src/main/AndroidManifest.xml:16:7-42
51        <activity
51-->src/main/AndroidManifest.xml:18:7-28:18
52            android:name="com.viro.MainActivity"
52-->src/main/AndroidManifest.xml:19:9-37
53            android:configChanges="keyboard|keyboardHidden|orientation|screenSize|uiMode"
53-->src/main/AndroidManifest.xml:21:9-86
54            android:label="@string/app_name"
54-->src/main/AndroidManifest.xml:20:9-41
55            android:windowSoftInputMode="adjustResize" >
55-->src/main/AndroidManifest.xml:22:9-51
56            <intent-filter>
56-->src/main/AndroidManifest.xml:23:9-27:25
57                <action android:name="android.intent.action.MAIN" />
57-->src/main/AndroidManifest.xml:24:13-65
57-->src/main/AndroidManifest.xml:24:21-62
58
59                <category android:name="android.intent.category.LAUNCHER" />
59-->src/main/AndroidManifest.xml:25:13-73
59-->src/main/AndroidManifest.xml:25:23-70
60                <category android:name="com.google.intent.category.CARDBOARD" />
60-->src/main/AndroidManifest.xml:26:13-77
60-->src/main/AndroidManifest.xml:26:23-74
61            </intent-filter>
62        </activity>
63        <activity android:name="com.facebook.react.devsupport.DevSettingsActivity" />
63-->src/main/AndroidManifest.xml:29:7-84
63-->src/main/AndroidManifest.xml:29:17-81
64
65        <meta-data
65-->src/main/AndroidManifest.xml:30:7-79
66            android:name="com.google.ar.core"
66-->src/main/AndroidManifest.xml:30:18-51
67            android:value="optional" />
67-->src/main/AndroidManifest.xml:30:52-76
68        <meta-data
68-->src/main/AndroidManifest.xml:31:9-33:70
69            android:name="com.google.android.geo.API_KEY"
69-->src/main/AndroidManifest.xml:32:13-58
70            android:value="AIzaSyDqC_afyOZbsUZ1vCGgXCZ7kABXkPFbDvE" />
70-->src/main/AndroidManifest.xml:33:13-68
71
72        <uses-library
72-->src/main/AndroidManifest.xml:34:9-87
73            android:name="org.apache.http.legacy"
73-->src/main/AndroidManifest.xml:34:23-60
74            android:required="false" /> <!-- The minimal version code of ARCore APK required for an app using this SDK. -->
74-->src/main/AndroidManifest.xml:34:61-85
75        <meta-data
75-->[:arcore_client] AndroidManifest.xml:33:9-35:41
76            android:name="com.google.ar.core.min_apk_version"
76-->[:arcore_client] AndroidManifest.xml:34:13-62
77            android:value="190519000" /> <!-- This activity is critical for installing ARCore when it is not already present. -->
77-->[:arcore_client] AndroidManifest.xml:35:13-38
78        <activity
78-->[:arcore_client] AndroidManifest.xml:37:9-43:80
79            android:name="com.google.ar.core.InstallActivity"
79-->[:arcore_client] AndroidManifest.xml:38:13-62
80            android:configChanges="keyboardHidden|orientation|screenSize"
80-->[:arcore_client] AndroidManifest.xml:39:13-74
81            android:excludeFromRecents="true"
81-->[:arcore_client] AndroidManifest.xml:40:13-46
82            android:exported="false"
82-->[:arcore_client] AndroidManifest.xml:41:13-37
83            android:launchMode="singleTop"
83-->[:arcore_client] AndroidManifest.xml:42:13-43
84            android:theme="@android:style/Theme.Material.Light.Dialog.Alert" />
84-->[:arcore_client] AndroidManifest.xml:43:13-77
85        <activity
85-->[com.google.android.gms:play-services-base:17.0.0] AndroidManifest.xml:23:9-26:75
86            android:name="com.google.android.gms.common.api.GoogleApiActivity"
86-->[com.google.android.gms:play-services-base:17.0.0] AndroidManifest.xml:24:13-79
87            android:exported="false"
87-->[com.google.android.gms:play-services-base:17.0.0] AndroidManifest.xml:25:13-37
88            android:theme="@android:style/Theme.Translucent.NoTitleBar" />
88-->[com.google.android.gms:play-services-base:17.0.0] AndroidManifest.xml:26:13-72
89
90        <meta-data
90-->[com.google.android.gms:play-services-basement:17.0.0] AndroidManifest.xml:23:9-25:69
91            android:name="com.google.android.gms.version"
91-->[com.google.android.gms:play-services-basement:17.0.0] AndroidManifest.xml:24:13-58
92            android:value="@integer/google_play_services_version" />
92-->[com.google.android.gms:play-services-basement:17.0.0] AndroidManifest.xml:25:13-66
93    </application>
94
95</manifest>